TN:
SF:app/index.ts
FN:10,start
FN:26,(anonymous_2)
FNF:2
FNH:2
FNDA:3,start
FNDA:1,(anonymous_2)
DA:1,3
DA:2,3
DA:3,3
DA:4,3
DA:5,3
DA:6,3
DA:8,3
DA:11,3
DA:12,3
DA:14,3
DA:20,3
DA:21,3
DA:22,3
DA:24,3
DA:26,3
DA:27,1
DA:30,0
DA:34,3
DA:35,3
LF:19
LH:18
BRF:0
BRH:0
end_of_record
TN:
SF:app/config/elastic.ts
FNF:0
FNH:0
DA:1,3
DA:2,3
DA:3,3
DA:7,3
LF:4
LH:4
BRF:0
BRH:0
end_of_record
TN:
SF:app/controllers/customerController.ts
FN:8,(anonymous_0)
FN:18,(anonymous_1)
FN:31,(anonymous_2)
FN:44,(anonymous_3)
FN:70,(anonymous_4)
FN:104,(anonymous_5)
FN:126,(anonymous_6)
FNF:7
FNH:7
FNDA:1,(anonymous_0)
FNDA:6,(anonymous_1)
FNDA:1,(anonymous_2)
FNDA:2,(anonymous_3)
FNDA:3,(anonymous_4)
FNDA:2,(anonymous_5)
FNDA:2,(anonymous_6)
DA:2,3
DA:3,3
DA:4,3
DA:5,3
DA:9,1
DA:10,1
DA:11,1
DA:19,6
DA:20,6
DA:21,6
DA:22,2
DA:24,4
DA:32,1
DA:33,1
DA:37,1
DA:45,2
DA:46,2
DA:48,2
DA:50,2
DA:51,1
DA:54,1
DA:58,1
DA:63,1
DA:71,3
DA:72,3
DA:74,3
DA:76,3
DA:77,1
DA:80,2
DA:82,2
DA:83,1
DA:86,1
DA:91,1
DA:97,1
DA:105,2
DA:106,2
DA:108,2
DA:109,1
DA:112,1
DA:114,1
DA:119,1
DA:127,2
DA:128,2
DA:129,2
DA:130,1
DA:133,1
DA:138,1
DA:146,3
LF:48
LH:48
BRDA:21,0,0,2
BRDA:50,1,0,1
BRDA:76,2,0,1
BRDA:82,3,0,1
BRDA:108,4,0,1
BRDA:129,5,0,1
BRF:6
BRH:6
end_of_record
TN:
SF:app/controllers/logsController.ts
FN:5,(anonymous_0)
FNF:1
FNH:1
FNDA:7,(anonymous_0)
DA:2,3
DA:6,7
DA:7,7
DA:9,7
DA:10,7
DA:11,7
DA:21,3
LF:7
LH:7
BRDA:9,0,0,7
BRF:1
BRH:1
end_of_record
TN:
SF:app/controllers/routerController.ts
FN:8,(anonymous_0)
FN:18,(anonymous_1)
FN:31,(anonymous_2)
FN:58,(anonymous_3)
FN:90,(anonymous_4)
FN:115,(anonymous_5)
FN:128,(anonymous_6)
FN:128,(anonymous_7)
FN:130,(anonymous_8)
FN:130,(anonymous_9)
FN:136,(anonymous_10)
FN:145,(anonymous_11)
FN:157,(anonymous_12)
FNF:13
FNH:13
FNDA:1,(anonymous_0)
FNDA:8,(anonymous_1)
FNDA:2,(anonymous_2)
FNDA:3,(anonymous_3)
FNDA:2,(anonymous_4)
FNDA:3,(anonymous_5)
FNDA:3,(anonymous_6)
FNDA:1,(anonymous_7)
FNDA:1,(anonymous_8)
FNDA:2,(anonymous_9)
FNDA:2,(anonymous_10)
FNDA:1,(anonymous_11)
FNDA:2,(anonymous_12)
DA:2,3
DA:3,3
DA:4,3
DA:5,3
DA:9,1
DA:10,1
DA:11,1
DA:19,8
DA:20,8
DA:21,8
DA:22,2
DA:24,6
DA:32,2
DA:33,2
DA:35,2
DA:36,1
DA:39,1
DA:43,1
DA:51,1
DA:59,3
DA:60,3
DA:62,3
DA:63,1
DA:66,2
DA:68,2
DA:69,1
DA:72,1
DA:77,1
DA:83,1
DA:91,2
DA:92,2
DA:94,2
DA:95,1
DA:98,1
DA:100,1
DA:108,1
DA:116,3
DA:118,3
DA:119,3
DA:124,3
DA:125,1
DA:128,3
DA:130,2
DA:132,2
DA:136,2
DA:141,2
DA:145,1
DA:150,2
DA:158,2
DA:159,2
DA:161,2
DA:162,1
DA:165,1
DA:170,1
DA:178,3
LF:55
LH:55
BRDA:21,0,0,2
BRDA:35,1,0,1
BRDA:62,2,0,1
BRDA:68,3,0,1
BRDA:94,4,0,1
BRDA:124,5,0,1
BRDA:161,6,0,1
BRF:7
BRH:7
end_of_record
TN:
SF:app/middlewares/callbackMiddleware.ts
FN:13,(anonymous_0)
FN:14,(anonymous_1)
FN:18,(anonymous_2)
FN:22,(anonymous_3)
FNF:4
FNH:4
FNDA:45,(anonymous_0)
FNDA:4,(anonymous_1)
FNDA:11,(anonymous_2)
FNDA:30,(anonymous_3)
DA:13,3
DA:14,45
DA:15,4
DA:18,45
DA:19,11
DA:22,45
DA:23,30
DA:25,30
DA:27,0
DA:30,45
LF:10
LH:9
BRDA:25,0,0,30
BRF:1
BRH:1
end_of_record
TN:
SF:app/routes/routes.ts
FN:6,init
FNF:1
FNH:1
FNDA:3,init
DA:2,3
DA:3,3
DA:4,3
DA:6,3
DA:7,3
DA:8,3
DA:9,3
DA:10,3
DA:11,3
DA:12,3
DA:13,3
DA:15,3
DA:16,3
DA:17,3
DA:18,3
DA:19,3
DA:20,3
DA:21,3
DA:23,3
LF:19
LH:19
BRF:0
BRH:0
end_of_record
TN:
SF:app/services/logs.service.ts
FN:3,(anonymous_1)
FN:12,logActivity
FN:25,searchLogs
FNF:3
FNH:3
FNDA:3,(anonymous_1)
FNDA:6,logActivity
FNDA:7,searchLogs
DA:1,3
DA:3,3
DA:4,3
DA:5,3
DA:6,3
DA:7,3
DA:8,3
DA:9,3
DA:13,6
DA:26,7
DA:27,7
DA:29,7
DA:35,7
DA:37,0
DA:38,0
DA:42,3
LF:16
LH:14
BRDA:3,0,0,3
BRDA:3,0,1,3
BRDA:27,1,0,6
BRDA:27,1,1,1
BRF:4
BRH:4
end_of_record
TN:
SF:app/services/request.service.ts
FN:6,(anonymous_1)
FN:29,(anonymous_2)
FNF:2
FNH:2
FNDA:4,(anonymous_1)
FNDA:4,(anonymous_2)
DA:1,3
DA:5,3
DA:7,4
DA:26,4
DA:30,4
DA:37,4
LF:6
LH:6
BRF:0
BRH:0
end_of_record
